2025-03-07 13:57:27,517 - logger - ERROR - Data file for symbol 'TSLA' not found. Run `get_data()` first.
2025-03-07 14:00:42,737 - logger - INFO - Data inspection results:
{'data_types': Open      float64
High      float64
Low       float64
Close     float64
Volume      int64
dtype: object, 'missing_values': Open      0
High      0
Low       0
Close     0
Volume    0
dtype: int64, 'duplicate_rows': np.int64(0)}
2025-03-07 14:01:39,821 - logger - INFO - Data inspection results:
{'data_types': Open      float64
High      float64
Low       float64
Close     float64
Volume    float64
dtype: object, 'missing_values': Open      0
High      0
Low       0
Close     0
Volume    0
dtype: int64, 'duplicate_rows': np.int64(0)}
2025-03-07 14:02:29,743 - logger - INFO - Data inspection results:
{'data_types': Open      float64
High      float64
Low       float64
Close     float64
Volume    float64
dtype: object, 'missing_values': Open      0
High      0
Low       0
Close     0
Volume    0
dtype: int64, 'duplicate_rows': np.int64(0)}
2025-03-07 14:03:44,977 - logger - INFO - Basic statistics calculated for data:
{'mean': Open      1.157035e+02
High      1.182977e+02
Low       1.129867e+02
Close     1.156793e+02
Volume    1.115986e+08
dtype: float64, 'median': Open      2.841365e+01
High      2.880585e+01
Low       2.735000e+01
Close     2.850565e+01
Volume    9.233699e+07
dtype: float64, 'std_dev': Open      1.143137e+02
High      1.169455e+02
Low       1.114850e+02
Close     1.142265e+02
Volume    7.443890e+07
dtype: float64, 'missing_values': Open      0
High      0
Low       0
Close     0
Volume    0
dtype: int64}
2025-03-07 14:04:18,012 - logger - INFO - Basic statistics calculated for data:
{'mean': Open      7.524102e+01
High      7.534659e+01
Low       7.512529e+01
Close     7.523730e+01
Volume    4.393031e+06
dtype: float64, 'median': Open      7.333250e+01
High      7.343290e+01
Low       7.320830e+01
Close     7.333100e+01
Volume    3.950846e+06
dtype: float64, 'std_dev': Open      4.943419e+00
High      4.944907e+00
Low       4.937775e+00
Close     4.942553e+00
Volume    2.768242e+06
dtype: float64, 'missing_values': Open      0
High      0
Low       0
Close     0
Volume    0
dtype: int64}
2025-03-07 14:04:41,317 - logger - INFO - Basic statistics calculated for data:
{'mean': Open      3.223852e+02
High      3.241322e+02
Low       3.204834e+02
Close     3.224328e+02
Volume    9.294495e+07
dtype: float64, 'median': Open      2.855180e+02
High      2.862475e+02
Low       2.844430e+02
Close     2.854940e+02
Volume    8.044111e+07
dtype: float64, 'std_dev': Open      1.164724e+02
High      1.170510e+02
Low       1.158129e+02
Close     1.164768e+02
Volume    5.086759e+07
dtype: float64, 'missing_values': Open      0
High      0
Low       0
Close     0
Volume    0
dtype: int64}
2025-03-07 14:05:42,504 - logger - INFO - Outliers detected using Iqr method.
2025-03-07 14:05:43,530 - logger - INFO - No outliers detected in columns: Open, High, Low, Close
2025-03-07 14:05:43,546 - logger - INFO - Outliers detected using Iqr method.
2025-03-07 14:05:43,965 - logger - INFO - No outliers detected in columns: Open, High, Low, Close
2025-03-07 14:05:43,981 - logger - INFO - Outliers detected using Iqr method.
2025-03-07 14:05:44,295 - logger - INFO - No outliers detected in columns: Open, High, Low, Close
2025-03-07 14:08:58,678 - logger - INFO - Outliers handled across all data sources.
2025-03-07 14:10:37,782 - logger - INFO - Outliers detected using Iqr method.
2025-03-07 14:10:38,174 - logger - INFO - No outliers detected in columns: Open, High, Low, Close
2025-03-07 14:10:38,184 - logger - INFO - Outliers detected using Iqr method.
2025-03-07 14:10:38,605 - logger - INFO - No outliers detected in columns: Open, High, Low, Close
2025-03-07 14:10:38,622 - logger - INFO - Outliers detected using Iqr method.
2025-03-07 14:10:39,050 - logger - INFO - No outliers detected in columns: Open, High, Low, Close
2025-03-07 20:46:36,776 - logger - ERROR - Error analyzing Open: 'Close'
2025-03-07 20:46:36,777 - logger - ERROR - Error analyzing High: 'Close'
2025-03-07 20:46:36,777 - logger - ERROR - Error analyzing Low: 'Close'
2025-03-07 20:46:36,777 - logger - ERROR - Error analyzing Close: 'Close'
2025-03-07 20:46:36,777 - logger - ERROR - Error analyzing Volume: 'Close'
2025-03-07 21:38:58,682 - logger - INFO - Calculated daily returns.
2025-03-07 21:38:58,699 - logger - INFO - Calculated VaR at 95.0% confidence: -5.58%
2025-03-07 21:38:58,699 - logger - INFO - TSLA VaR at 95.0% confidence: -5.58%
2025-03-07 21:38:58,700 - logger - INFO - Calculated Sharpe Ratio: -0.31
2025-03-07 21:38:58,700 - logger - INFO - TSLA Sharpe Ratio: -0.31
2025-03-07 21:38:59,575 - logger - INFO - Calculated daily returns.
2025-03-07 21:38:59,575 - logger - INFO - Calculated VaR at 95.0% confidence: -0.45%
2025-03-07 21:38:59,575 - logger - INFO - BND VaR at 95.0% confidence: -0.45%
2025-03-07 21:38:59,575 - logger - INFO - Calculated Sharpe Ratio: -0.22
2025-03-07 21:38:59,575 - logger - INFO - BND Sharpe Ratio: -0.22
2025-03-07 21:38:59,958 - logger - INFO - Calculated daily returns.
2025-03-07 21:38:59,958 - logger - INFO - Calculated VaR at 95.0% confidence: -1.54%
2025-03-07 21:38:59,958 - logger - INFO - SPY VaR at 95.0% confidence: -1.54%
2025-03-07 21:38:59,958 - logger - INFO - Calculated Sharpe Ratio: -0.64
2025-03-07 21:38:59,958 - logger - INFO - SPY Sharpe Ratio: -0.64
2025-03-07 21:39:33,332 - logger - INFO - Calculated daily returns.
2025-03-07 21:39:33,333 - logger - INFO - Calculated VaR at 95.0% confidence: -5.58%
2025-03-07 21:39:33,333 - logger - INFO - TSLA VaR at 95.0% confidence: -5.58%
2025-03-07 21:39:33,335 - logger - INFO - Calculated Sharpe Ratio: -0.31
2025-03-07 21:39:33,335 - logger - INFO - TSLA Sharpe Ratio: -0.31
2025-03-07 21:39:34,016 - logger - INFO - Calculated daily returns.
2025-03-07 21:39:34,016 - logger - INFO - Calculated VaR at 95.0% confidence: -0.45%
2025-03-07 21:39:34,016 - logger - INFO - BND VaR at 95.0% confidence: -0.45%
2025-03-07 21:39:34,016 - logger - INFO - Calculated Sharpe Ratio: -0.22
2025-03-07 21:39:34,016 - logger - INFO - BND Sharpe Ratio: -0.22
2025-03-07 21:39:34,387 - logger - INFO - Calculated daily returns.
2025-03-07 21:39:34,387 - logger - INFO - Calculated VaR at 95.0% confidence: -1.54%
2025-03-07 21:39:34,387 - logger - INFO - SPY VaR at 95.0% confidence: -1.54%
2025-03-07 21:39:34,387 - logger - INFO - Calculated Sharpe Ratio: -0.64
2025-03-07 21:39:34,387 - logger - INFO - SPY Sharpe Ratio: -0.64
2025-03-12 16:49:25,058 - logger - ERROR - Error loading data: [Errno 2] No such file or directory: '../data/tsla_forecast_12_months.csv'
2025-03-12 16:50:20,655 - logger - ERROR - Error loading data: [Errno 2] No such file or directory: '../data/tsla_forecast_12_months.csv'
2025-03-12 16:50:52,308 - logger - ERROR - Error loading data: [Errno 2] No such file or directory: '../data/tsla_forecast_12_months.csv'
2025-03-12 18:53:05,982 - logger - INFO - Data was in descending order. It has been sorted in ascending order.
2025-03-12 18:53:06,134 - logger - INFO - Data split: 2921 train, 731 test
2025-03-12 18:55:57,127 - logger - INFO - Training ARIMA model
2025-03-12 18:56:02,244 - logger - INFO - ARIMA model trained with parameters: {'maxiter': 50, 'method': 'lbfgs', 'order': (0, 1, 0), 'out_of_sample_size': 0, 'scoring': 'mse', 'scoring_args': {}, 'seasonal_order': (0, 0, 0, 0), 'start_params': None, 'suppress_warnings': True, 'trend': None, 'with_intercept': False}
2025-03-12 21:47:31,532 - logger - INFO - Training SARIMA model
2025-03-12 21:48:05,406 - logger - INFO - SARIMA model trained with parameters: {'maxiter': 50, 'method': 'lbfgs', 'order': (1, 1, 0), 'out_of_sample_size': 0, 'scoring': 'mse', 'scoring_args': {}, 'seasonal_order': (2, 1, 0, 5), 'start_params': None, 'suppress_warnings': True, 'trend': None, 'with_intercept': False}
2025-03-12 21:48:19,907 - logger - INFO - Training LSTM model
2025-03-12 21:51:09,651 - logger - INFO - LSTM model training completed
2025-03-12 21:51:13,457 - logger - INFO - Training history plotted successfully
2025-03-12 21:53:34,676 - logger - INFO - Predictions generated for all models
2025-03-12 21:54:30,922 - logger - INFO - ARIMA - MAE: 0.25, RMSE: 0.29, MAPE: 43.70%
2025-03-12 21:54:30,926 - logger - INFO - SARIMA - MAE: 1.55, RMSE: 1.76, MAPE: 287.27%
2025-03-12 21:54:30,928 - logger - INFO - LSTM - MAE: 0.32, RMSE: 0.35, MAPE: 55.95%
2025-03-12 21:54:39,855 - logger - INFO - Results plotted successfully
2025-03-12 21:55:17,991 - logger - INFO - Forecast results saved to ../data/tsla_forecast_12_months.csv
2025-03-12 22:00:58,693 - logger - INFO - Data was in descending order. It has been sorted in ascending order.
2025-03-12 22:00:58,706 - logger - INFO - Data split: 2921 train, 731 test
2025-03-12 22:01:01,421 - logger - INFO - Training ARIMA model
2025-03-12 22:01:09,818 - logger - INFO - ARIMA model trained with parameters: {'maxiter': 50, 'method': 'lbfgs', 'order': (1, 1, 0), 'out_of_sample_size': 0, 'scoring': 'mse', 'scoring_args': {}, 'seasonal_order': (0, 0, 0, 0), 'start_params': None, 'suppress_warnings': True, 'trend': None, 'with_intercept': False}
2025-03-12 22:01:51,005 - logger - INFO - Training SARIMA model
2025-03-12 22:02:26,872 - logger - INFO - SARIMA model trained with parameters: {'maxiter': 50, 'method': 'lbfgs', 'order': (1, 1, 0), 'out_of_sample_size': 0, 'scoring': 'mse', 'scoring_args': {}, 'seasonal_order': (2, 1, 0, 5), 'start_params': None, 'suppress_warnings': True, 'trend': None, 'with_intercept': False}
2025-03-12 22:02:26,888 - logger - INFO - Training LSTM model
2025-03-12 22:03:35,125 - logger - INFO - LSTM model training completed
2025-03-12 22:03:35,617 - logger - INFO - Training history plotted successfully
2025-03-12 22:05:31,976 - logger - INFO - Predictions generated for all models
2025-03-12 22:05:57,535 - logger - INFO - ARIMA - MAE: 0.33, RMSE: 0.39, MAPE: 28.85%
2025-03-12 22:05:57,537 - logger - INFO - SARIMA - MAE: 0.53, RMSE: 0.62, MAPE: 47.18%
2025-03-12 22:05:57,537 - logger - INFO - LSTM - MAE: 0.26, RMSE: 0.32, MAPE: 22.29%
2025-03-12 22:06:14,364 - logger - INFO - Results plotted successfully
2025-03-12 22:07:05,469 - logger - INFO - Forecast results saved to ../data/spy_forecast_12_months.csv
2025-03-12 22:18:53,053 - logger - INFO - Data was in descending order. It has been sorted in ascending order.
2025-03-12 22:18:53,061 - logger - INFO - Data split: 2921 train, 731 test
2025-03-12 22:19:13,185 - logger - INFO - Training ARIMA model
2025-03-12 22:19:17,308 - logger - INFO - ARIMA model trained with parameters: {'maxiter': 50, 'method': 'lbfgs', 'order': (0, 1, 0), 'out_of_sample_size': 0, 'scoring': 'mse', 'scoring_args': {}, 'seasonal_order': (0, 0, 0, 0), 'start_params': None, 'suppress_warnings': True, 'trend': None, 'with_intercept': False}
2025-03-12 22:19:47,015 - logger - INFO - Training SARIMA model
2025-03-12 22:20:17,051 - logger - INFO - SARIMA model trained with parameters: {'maxiter': 50, 'method': 'lbfgs', 'order': (0, 1, 0), 'out_of_sample_size': 0, 'scoring': 'mse', 'scoring_args': {}, 'seasonal_order': (2, 1, 0, 5), 'start_params': None, 'suppress_warnings': True, 'trend': None, 'with_intercept': False}
2025-03-12 22:20:48,737 - logger - INFO - Training LSTM model
2025-03-12 22:21:30,695 - logger - INFO - LSTM model training completed
2025-03-12 22:21:31,141 - logger - INFO - Training history plotted successfully
2025-03-12 22:23:44,548 - logger - INFO - Predictions generated for all models
2025-03-12 22:25:14,445 - logger - INFO - ARIMA - MAE: 0.07, RMSE: 0.09, MAPE: 116.37%
2025-03-12 22:25:14,445 - logger - INFO - SARIMA - MAE: 2.53, RMSE: 2.91, MAPE: 2060.23%
2025-03-12 22:25:14,445 - logger - INFO - LSTM - MAE: 0.14, RMSE: 0.16, MAPE: 104.57%
2025-03-12 22:25:17,917 - logger - INFO - Results plotted successfully
2025-03-12 22:25:53,724 - logger - INFO - Forecast results saved to ../data/bnd_forecast_12_months.csv
